生成启动时间为 2020/5/8 10:29:38。
     1>项目“C:\Users\WidenSun\Desktop\vs_asm\lab7\lab7\lab7.vcxproj”在节点 2 上(Build 个目标)。
     1>InitializeBuildStatus:
         正在对“Debug\lab7.tlog\unsuccessfulbuild”执行 Touch 任务。
       _MASM:
         Assembling test7.asm...
         cmd.exe /C "C:\Users\WidenSun\AppData\Local\Temp\tmp2f5553c8950e427baf226104b26c91f1.cmd"
         ml.exe /c /nologo /Zi /Fo"Debug\test7.obj" /W3 /errorReport:prompt  /Tatest7.asm
     1>test7.asm(144): warning A6004: procedure argument or local not referenced : hPrevInst
     1>test7.asm(144): warning A6004: procedure argument or local not referenced : CmdLine
     1>test7.asm(144): warning A6004: procedure argument or local not referenced : CmdShow
       ResourceCompile:
         所有输出均为最新。
       Link:
         D:\Program Files\Microsoft Visual Studio 12.0\VC\bin\link.exe /ERRORREPORT:PROMPT /OUT:"C:\Users\WidenSun\Desktop\vs_asm\lab7\lab7\Debug\lab7.exe" /INCREMENTAL /NOLOGO kernel32.lib user32.lib gdi32.lib winspool.lib comdlg32.lib advapi32.lib shell32.lib ole32.lib oleaut32.lib uuid.lib odbc32.lib odbccp32.lib /MANIFEST /MANIFESTUAC:"level='asInvoker' uiAccess='false'" /manifest:embed /DEBUG /PDB:"C:\Users\WidenSun\Desktop\vs_asm\lab7\lab7\Debug\lab7.pdb" /SUBSYSTEM:WINDOWS /HEAP:"10000000" /TLBID:1 /DYNAMICBASE /NXCOMPAT /IMPLIB:"C:\Users\WidenSun\Desktop\vs_asm\lab7\lab7\Debug\lab7.lib" /MACHINE:X86 Debug\lab7.res
         Debug\test7.obj
         lab7.vcxproj -> C:\Users\WidenSun\Desktop\vs_asm\lab7\lab7\Debug\lab7.exe
       FinalizeBuildStatus:
         正在删除文件“Debug\lab7.tlog\unsuccessfulbuild”。
         正在对“Debug\lab7.tlog\lab7.lastbuildstate”执行 Touch 任务。
     1>已完成生成项目“C:\Users\WidenSun\Desktop\vs_asm\lab7\lab7\lab7.vcxproj”(Build 个目标)的操作。

生成成功。

已用时间 00:00:03.49
